mode: atomic
github.com/bang9211/ossicones/tests/defaultexplorerserver/testutils.go:11.94,15.16 3 0
github.com/bang9211/ossicones/tests/defaultexplorerserver/testutils.go:19.2,20.16 2 0
github.com/bang9211/ossicones/tests/defaultexplorerserver/testutils.go:24.2,25.16 2 0
github.com/bang9211/ossicones/tests/defaultexplorerserver/testutils.go:29.2,29.25 1 0
github.com/bang9211/ossicones/tests/defaultexplorerserver/testutils.go:15.16,17.3 1 0
github.com/bang9211/ossicones/tests/defaultexplorerserver/testutils.go:20.16,22.3 1 0
github.com/bang9211/ossicones/tests/defaultexplorerserver/testutils.go:25.16,27.3 1 0
github.com/bang9211/ossicones/tests/defaultexplorerserver/testutils.go:32.101,34.16 2 0
github.com/bang9211/ossicones/tests/defaultexplorerserver/testutils.go:37.2,38.16 2 0
github.com/bang9211/ossicones/tests/defaultexplorerserver/testutils.go:41.2,41.20 1 0
github.com/bang9211/ossicones/tests/defaultexplorerserver/testutils.go:34.16,36.3 1 0
github.com/bang9211/ossicones/tests/defaultexplorerserver/testutils.go:38.16,40.3 1 0
github.com/bang9211/ossicones/tests/ossiconesblockchain/testutils.go:12.63,16.16 3 7
github.com/bang9211/ossicones/tests/ossiconesblockchain/testutils.go:20.2,21.16 2 7
github.com/bang9211/ossicones/tests/ossiconesblockchain/testutils.go:25.2,25.21 1 7
github.com/bang9211/ossicones/tests/ossiconesblockchain/testutils.go:16.16,18.3 1 0
github.com/bang9211/ossicones/tests/ossiconesblockchain/testutils.go:21.16,23.3 1 0
github.com/bang9211/ossicones/tests/ossiconesblockchain/testutils.go:28.67,30.16 2 7
github.com/bang9211/ossicones/tests/ossiconesblockchain/testutils.go:33.2,33.20 1 7
github.com/bang9211/ossicones/tests/ossiconesblockchain/testutils.go:30.16,32.3 1 0
