mode: atomic
github.com/bang9211/ossicones/tests/ossiconesblockchain/testutils.go:12.63,16.16 3 7
github.com/bang9211/ossicones/tests/ossiconesblockchain/testutils.go:20.2,21.16 2 7
github.com/bang9211/ossicones/tests/ossiconesblockchain/testutils.go:25.2,25.21 1 7
github.com/bang9211/ossicones/tests/ossiconesblockchain/testutils.go:16.16,18.3 1 0
github.com/bang9211/ossicones/tests/ossiconesblockchain/testutils.go:21.16,23.3 1 0
github.com/bang9211/ossicones/tests/ossiconesblockchain/testutils.go:28.67,30.16 2 7
github.com/bang9211/ossicones/tests/ossiconesblockchain/testutils.go:33.2,33.20 1 7
github.com/bang9211/ossicones/tests/ossiconesblockchain/testutils.go:30.16,32.3 1 0
